[2019-01-22 08:01:51] testing.ERROR: InvalidArgumentException: View [index] not found. in /home/li0n0k/dev/hexlet/page-analyzer/vendor/illuminate/view/FileViewFinder.php:137
Stack trace:
#0 /home/li0n0k/dev/hexlet/page-analyzer/vendor/illuminate/view/FileViewFinder.php(79): Illuminate\View\FileViewFinder->findInPaths('index', Array)
#1 /home/li0n0k/dev/hexlet/page-analyzer/vendor/illuminate/view/Factory.php(130): Illuminate\View\FileViewFinder->find('index')
#2 /home/li0n0k/dev/hexlet/page-analyzer/vendor/laravel/lumen-framework/src/helpers.php(431): Illuminate\View\Factory->make('index', Array, Array)
#3 /home/li0n0k/dev/hexlet/page-analyzer/routes/web.php(15): view('index')
#4 [internal function]: TestCase->{closure}()
#5 /home/li0n0k/dev/hexlet/page-analyzer/vendor/illuminate/container/BoundMethod.php(29): call_user_func_array(Object(Closure), Array)
#6 /home/li0n0k/dev/hexlet/page-analyzer/vendor/illuminate/container/BoundMethod.php(75): Illuminate\Container\BoundMethod::Illuminate\Container\{closure}()
#7 /home/li0n0k/dev/hexlet/page-analyzer/vendor/illuminate/container/BoundMethod.php(31): Illuminate\Container\BoundMethod::callBoundMethod(Object(Laravel\Lumen\Application), Object(Closure), Object(Closure))
#8 /home/li0n0k/dev/hexlet/page-analyzer/vendor/illuminate/container/Container.php(572): Illuminate\Container\BoundMethod::call(Object(Laravel\Lumen\Application), Object(Closure), Array, NULL)
#9 /home/li0n0k/dev/hexlet/page-analyzer/vendor/laravel/lumen-framework/src/Concerns/RoutesRequests.php(291): Illuminate\Container\Container->call(Object(Closure), Array)
#10 /home/li0n0k/dev/hexlet/page-analyzer/vendor/laravel/lumen-framework/src/Concerns/RoutesRequests.php(265): Laravel\Lumen\Application->callActionOnArrayBasedRoute(Array)
#11 /home/li0n0k/dev/hexlet/page-analyzer/vendor/laravel/lumen-framework/src/Concerns/RoutesRequests.php(165): Laravel\Lumen\Application->handleFoundRoute(Array)
#12 /home/li0n0k/dev/hexlet/page-analyzer/vendor/laravel/lumen-framework/src/Concerns/RoutesRequests.php(418): Laravel\Lumen\Application->Laravel\Lumen\Concerns\{closure}(Object(Illuminate\Http\Request))
#13 /home/li0n0k/dev/hexlet/page-analyzer/vendor/laravel/lumen-framework/src/Concerns/RoutesRequests.php(171): Laravel\Lumen\Application->sendThroughPipeline(Array, Object(Closure))
#14 /home/li0n0k/dev/hexlet/page-analyzer/vendor/laravel/lumen-framework/src/Concerns/RoutesRequests.php(91): Laravel\Lumen\Application->dispatch(Object(Illuminate\Http\Request))
#15 /home/li0n0k/dev/hexlet/page-analyzer/vendor/laravel/lumen-framework/src/Testing/Concerns/MakesHttpRequests.php(341): Laravel\Lumen\Application->handle(Object(Illuminate\Http\Request))
#16 /home/li0n0k/dev/hexlet/page-analyzer/vendor/laravel/lumen-framework/src/Testing/Concerns/MakesHttpRequests.php(63): Laravel\Lumen\Testing\TestCase->call('GET', '/', Array, Array, Array, Array)
#17 /home/li0n0k/dev/hexlet/page-analyzer/tests/MainPageTest.php(12): Laravel\Lumen\Testing\TestCase->get('/')
#18 /home/li0n0k/dev/hexlet/page-analyzer/vendor/phpunit/phpunit/src/Framework/TestCase.php(1153): MainPageTestTest->testExample()
#19 /home/li0n0k/dev/hexlet/page-analyzer/vendor/phpunit/phpunit/src/Framework/TestCase.php(842): PHPUnit\Framework\TestCase->runTest()
#20 /home/li0n0k/dev/hexlet/page-analyzer/vendor/phpunit/phpunit/src/Framework/TestResult.php(675): PHPUnit\Framework\TestCase->runBare()
#21 /home/li0n0k/dev/hexlet/page-analyzer/vendor/phpunit/phpunit/src/Framework/TestCase.php(796): PHPUnit\Framework\TestResult->run(Object(MainPageTestTest))
#22 /home/li0n0k/dev/hexlet/page-analyzer/vendor/phpunit/phpunit/src/Framework/TestSuite.php(746): PHPUnit\Framework\TestCase->run(Object(PHPUnit\Framework\TestResult))
#23 /home/li0n0k/dev/hexlet/page-analyzer/vendor/phpunit/phpunit/src/Framework/TestSuite.php(746): PHPUnit\Framework\TestSuite->run(Object(PHPUnit\Framework\TestResult))
#24 /home/li0n0k/dev/hexlet/page-analyzer/vendor/phpunit/phpunit/src/TextUI/TestRunner.php(629): PHPUnit\Framework\TestSuite->run(Object(PHPUnit\Framework\TestResult))
#25 /home/li0n0k/dev/hexlet/page-analyzer/vendor/phpunit/phpunit/src/TextUI/Command.php(206): PHPUnit\TextUI\TestRunner->doRun(Object(PHPUnit\Framework\TestSuite), Array, true)
#26 /home/li0n0k/dev/hexlet/page-analyzer/vendor/phpunit/phpunit/src/TextUI/Command.php(162): PHPUnit\TextUI\Command->run(Array, true)
#27 /home/li0n0k/dev/hexlet/page-analyzer/vendor/phpunit/phpunit/phpunit(61): PHPUnit\TextUI\Command::main()
#28 {main} {"exception":"[object] (InvalidArgumentException(code: 0): View [index] not found. at /home/li0n0k/dev/hexlet/page-analyzer/vendor/illuminate/view/FileViewFinder.php:137)
[stacktrace]
#0 /home/li0n0k/dev/hexlet/page-analyzer/vendor/illuminate/view/FileViewFinder.php(79): Illuminate\\View\\FileViewFinder->findInPaths('index', Array)
#1 /home/li0n0k/dev/hexlet/page-analyzer/vendor/illuminate/view/Factory.php(130): Illuminate\\View\\FileViewFinder->find('index')
#2 /home/li0n0k/dev/hexlet/page-analyzer/vendor/laravel/lumen-framework/src/helpers.php(431): Illuminate\\View\\Factory->make('index', Array, Array)
#3 /home/li0n0k/dev/hexlet/page-analyzer/routes/web.php(15): view('index')
#4 [internal function]: TestCase->{closure}()
#5 /home/li0n0k/dev/hexlet/page-analyzer/vendor/illuminate/container/BoundMethod.php(29): call_user_func_array(Object(Closure), Array)
#6 /home/li0n0k/dev/hexlet/page-analyzer/vendor/illuminate/container/BoundMethod.php(75): Illuminate\\Container\\BoundMethod::Illuminate\\Container\\{closure}()
#7 /home/li0n0k/dev/hexlet/page-analyzer/vendor/illuminate/container/BoundMethod.php(31): Illuminate\\Container\\BoundMethod::callBoundMethod(Object(Laravel\\Lumen\\Application), Object(Closure), Object(Closure))
#8 /home/li0n0k/dev/hexlet/page-analyzer/vendor/illuminate/container/Container.php(572): Illuminate\\Container\\BoundMethod::call(Object(Laravel\\Lumen\\Application), Object(Closure), Array, NULL)
#9 /home/li0n0k/dev/hexlet/page-analyzer/vendor/laravel/lumen-framework/src/Concerns/RoutesRequests.php(291): Illuminate\\Container\\Container->call(Object(Closure), Array)
#10 /home/li0n0k/dev/hexlet/page-analyzer/vendor/laravel/lumen-framework/src/Concerns/RoutesRequests.php(265): Laravel\\Lumen\\Application->callActionOnArrayBasedRoute(Array)
#11 /home/li0n0k/dev/hexlet/page-analyzer/vendor/laravel/lumen-framework/src/Concerns/RoutesRequests.php(165): Laravel\\Lumen\\Application->handleFoundRoute(Array)
#12 /home/li0n0k/dev/hexlet/page-analyzer/vendor/laravel/lumen-framework/src/Concerns/RoutesRequests.php(418): Laravel\\Lumen\\Application->Laravel\\Lumen\\Concerns\\{closure}(Object(Illuminate\\Http\\Request))
#13 /home/li0n0k/dev/hexlet/page-analyzer/vendor/laravel/lumen-framework/src/Concerns/RoutesRequests.php(171): Laravel\\Lumen\\Application->sendThroughPipeline(Array, Object(Closure))
#14 /home/li0n0k/dev/hexlet/page-analyzer/vendor/laravel/lumen-framework/src/Concerns/RoutesRequests.php(91): Laravel\\Lumen\\Application->dispatch(Object(Illuminate\\Http\\Request))
#15 /home/li0n0k/dev/hexlet/page-analyzer/vendor/laravel/lumen-framework/src/Testing/Concerns/MakesHttpRequests.php(341): Laravel\\Lumen\\Application->handle(Object(Illuminate\\Http\\Request))
#16 /home/li0n0k/dev/hexlet/page-analyzer/vendor/laravel/lumen-framework/src/Testing/Concerns/MakesHttpRequests.php(63): Laravel\\Lumen\\Testing\\TestCase->call('GET', '/', Array, Array, Array, Array)
#17 /home/li0n0k/dev/hexlet/page-analyzer/tests/MainPageTest.php(12): Laravel\\Lumen\\Testing\\TestCase->get('/')
#18 /home/li0n0k/dev/hexlet/page-analyzer/vendor/phpunit/phpunit/src/Framework/TestCase.php(1153): MainPageTestTest->testExample()
#19 /home/li0n0k/dev/hexlet/page-analyzer/vendor/phpunit/phpunit/src/Framework/TestCase.php(842): PHPUnit\\Framework\\TestCase->runTest()
#20 /home/li0n0k/dev/hexlet/page-analyzer/vendor/phpunit/phpunit/src/Framework/TestResult.php(675): PHPUnit\\Framework\\TestCase->runBare()
#21 /home/li0n0k/dev/hexlet/page-analyzer/vendor/phpunit/phpunit/src/Framework/TestCase.php(796): PHPUnit\\Framework\\TestResult->run(Object(MainPageTestTest))
#22 /home/li0n0k/dev/hexlet/page-analyzer/vendor/phpunit/phpunit/src/Framework/TestSuite.php(746): PHPUnit\\Framework\\TestCase->run(Object(PHPUnit\\Framework\\TestResult))
#23 /home/li0n0k/dev/hexlet/page-analyzer/vendor/phpunit/phpunit/src/Framework/TestSuite.php(746): PHPUnit\\Framework\\TestSuite->run(Object(PHPUnit\\Framework\\TestResult))
#24 /home/li0n0k/dev/hexlet/page-analyzer/vendor/phpunit/phpunit/src/TextUI/TestRunner.php(629): PHPUnit\\Framework\\TestSuite->run(Object(PHPUnit\\Framework\\TestResult))
#25 /home/li0n0k/dev/hexlet/page-analyzer/vendor/phpunit/phpunit/src/TextUI/Command.php(206): PHPUnit\\TextUI\\TestRunner->doRun(Object(PHPUnit\\Framework\\TestSuite), Array, true)
#26 /home/li0n0k/dev/hexlet/page-analyzer/vendor/phpunit/phpunit/src/TextUI/Command.php(162): PHPUnit\\TextUI\\Command->run(Array, true)
#27 /home/li0n0k/dev/hexlet/page-analyzer/vendor/phpunit/phpunit/phpunit(61): PHPUnit\\TextUI\\Command::main()
#28 {main}
"} 
[2019-01-22 08:02:29] local.ERROR: InvalidArgumentException: View [index] not found. in /home/li0n0k/dev/hexlet/page-analyzer/vendor/illuminate/view/FileViewFinder.php:137
Stack trace:
#0 /home/li0n0k/dev/hexlet/page-analyzer/vendor/illuminate/view/FileViewFinder.php(79): Illuminate\View\FileViewFinder->findInPaths('index', Array)
#1 /home/li0n0k/dev/hexlet/page-analyzer/vendor/illuminate/view/Factory.php(130): Illuminate\View\FileViewFinder->find('index')
#2 /home/li0n0k/dev/hexlet/page-analyzer/vendor/laravel/lumen-framework/src/helpers.php(431): Illuminate\View\Factory->make('index', Array, Array)
#3 /home/li0n0k/dev/hexlet/page-analyzer/routes/web.php(15): view('index')
#4 [internal function]: Closure->{closure}()
#5 /home/li0n0k/dev/hexlet/page-analyzer/vendor/illuminate/container/BoundMethod.php(29): call_user_func_array(Object(Closure), Array)
#6 /home/li0n0k/dev/hexlet/page-analyzer/vendor/illuminate/container/BoundMethod.php(75): Illuminate\Container\BoundMethod::Illuminate\Container\{closure}()
#7 /home/li0n0k/dev/hexlet/page-analyzer/vendor/illuminate/container/BoundMethod.php(31): Illuminate\Container\BoundMethod::callBoundMethod(Object(Laravel\Lumen\Application), Object(Closure), Object(Closure))
#8 /home/li0n0k/dev/hexlet/page-analyzer/vendor/illuminate/container/Container.php(572): Illuminate\Container\BoundMethod::call(Object(Laravel\Lumen\Application), Object(Closure), Array, NULL)
#9 /home/li0n0k/dev/hexlet/page-analyzer/vendor/laravel/lumen-framework/src/Concerns/RoutesRequests.php(291): Illuminate\Container\Container->call(Object(Closure), Array)
#10 /home/li0n0k/dev/hexlet/page-analyzer/vendor/laravel/lumen-framework/src/Concerns/RoutesRequests.php(265): Laravel\Lumen\Application->callActionOnArrayBasedRoute(Array)
#11 /home/li0n0k/dev/hexlet/page-analyzer/vendor/laravel/lumen-framework/src/Concerns/RoutesRequests.php(165): Laravel\Lumen\Application->handleFoundRoute(Array)
#12 /home/li0n0k/dev/hexlet/page-analyzer/vendor/laravel/lumen-framework/src/Concerns/RoutesRequests.php(418): Laravel\Lumen\Application->Laravel\Lumen\Concerns\{closure}(Object(Laravel\Lumen\Http\Request))
#13 /home/li0n0k/dev/hexlet/page-analyzer/vendor/laravel/lumen-framework/src/Concerns/RoutesRequests.php(171): Laravel\Lumen\Application->sendThroughPipeline(Array, Object(Closure))
#14 /home/li0n0k/dev/hexlet/page-analyzer/vendor/laravel/lumen-framework/src/Concerns/RoutesRequests.php(108): Laravel\Lumen\Application->dispatch(NULL)
#15 /home/li0n0k/dev/hexlet/page-analyzer/public/index.php(28): Laravel\Lumen\Application->run()
#16 {main} {"exception":"[object] (InvalidArgumentException(code: 0): View [index] not found. at /home/li0n0k/dev/hexlet/page-analyzer/vendor/illuminate/view/FileViewFinder.php:137)
[stacktrace]
#0 /home/li0n0k/dev/hexlet/page-analyzer/vendor/illuminate/view/FileViewFinder.php(79): Illuminate\\View\\FileViewFinder->findInPaths('index', Array)
#1 /home/li0n0k/dev/hexlet/page-analyzer/vendor/illuminate/view/Factory.php(130): Illuminate\\View\\FileViewFinder->find('index')
#2 /home/li0n0k/dev/hexlet/page-analyzer/vendor/laravel/lumen-framework/src/helpers.php(431): Illuminate\\View\\Factory->make('index', Array, Array)
#3 /home/li0n0k/dev/hexlet/page-analyzer/routes/web.php(15): view('index')
#4 [internal function]: Closure->{closure}()
#5 /home/li0n0k/dev/hexlet/page-analyzer/vendor/illuminate/container/BoundMethod.php(29): call_user_func_array(Object(Closure), Array)
#6 /home/li0n0k/dev/hexlet/page-analyzer/vendor/illuminate/container/BoundMethod.php(75): Illuminate\\Container\\BoundMethod::Illuminate\\Container\\{closure}()
#7 /home/li0n0k/dev/hexlet/page-analyzer/vendor/illuminate/container/BoundMethod.php(31): Illuminate\\Container\\BoundMethod::callBoundMethod(Object(Laravel\\Lumen\\Application), Object(Closure), Object(Closure))
#8 /home/li0n0k/dev/hexlet/page-analyzer/vendor/illuminate/container/Container.php(572): Illuminate\\Container\\BoundMethod::call(Object(Laravel\\Lumen\\Application), Object(Closure), Array, NULL)
#9 /home/li0n0k/dev/hexlet/page-analyzer/vendor/laravel/lumen-framework/src/Concerns/RoutesRequests.php(291): Illuminate\\Container\\Container->call(Object(Closure), Array)
#10 /home/li0n0k/dev/hexlet/page-analyzer/vendor/laravel/lumen-framework/src/Concerns/RoutesRequests.php(265): Laravel\\Lumen\\Application->callActionOnArrayBasedRoute(Array)
#11 /home/li0n0k/dev/hexlet/page-analyzer/vendor/laravel/lumen-framework/src/Concerns/RoutesRequests.php(165): Laravel\\Lumen\\Application->handleFoundRoute(Array)
#12 /home/li0n0k/dev/hexlet/page-analyzer/vendor/laravel/lumen-framework/src/Concerns/RoutesRequests.php(418): Laravel\\Lumen\\Application->Laravel\\Lumen\\Concerns\\{closure}(Object(Laravel\\Lumen\\Http\\Request))
#13 /home/li0n0k/dev/hexlet/page-analyzer/vendor/laravel/lumen-framework/src/Concerns/RoutesRequests.php(171): Laravel\\Lumen\\Application->sendThroughPipeline(Array, Object(Closure))
#14 /home/li0n0k/dev/hexlet/page-analyzer/vendor/laravel/lumen-framework/src/Concerns/RoutesRequests.php(108): Laravel\\Lumen\\Application->dispatch(NULL)
#15 /home/li0n0k/dev/hexlet/page-analyzer/public/index.php(28): Laravel\\Lumen\\Application->run()
#16 {main}
"} 
[2019-01-22 10:51:51] local.ERROR: InvalidArgumentException: View [index] not found. in /home/li0n0k/dev/hexlet/page-analyzer/vendor/illuminate/view/FileViewFinder.php:137
Stack trace:
#0 /home/li0n0k/dev/hexlet/page-analyzer/vendor/illuminate/view/FileViewFinder.php(79): Illuminate\View\FileViewFinder->findInPaths('index', Array)
#1 /home/li0n0k/dev/hexlet/page-analyzer/vendor/illuminate/view/Factory.php(130): Illuminate\View\FileViewFinder->find('index')
#2 /home/li0n0k/dev/hexlet/page-analyzer/vendor/laravel/lumen-framework/src/helpers.php(431): Illuminate\View\Factory->make('index', Array, Array)
#3 /home/li0n0k/dev/hexlet/page-analyzer/routes/web.php(18): view('index')
#4 [internal function]: Closure->{closure}()
#5 /home/li0n0k/dev/hexlet/page-analyzer/vendor/illuminate/container/BoundMethod.php(29): call_user_func_array(Object(Closure), Array)
#6 /home/li0n0k/dev/hexlet/page-analyzer/vendor/illuminate/container/BoundMethod.php(75): Illuminate\Container\BoundMethod::Illuminate\Container\{closure}()
#7 /home/li0n0k/dev/hexlet/page-analyzer/vendor/illuminate/container/BoundMethod.php(31): Illuminate\Container\BoundMethod::callBoundMethod(Object(Laravel\Lumen\Application), Object(Closure), Object(Closure))
#8 /home/li0n0k/dev/hexlet/page-analyzer/vendor/illuminate/container/Container.php(572): Illuminate\Container\BoundMethod::call(Object(Laravel\Lumen\Application), Object(Closure), Array, NULL)
#9 /home/li0n0k/dev/hexlet/page-analyzer/vendor/laravel/lumen-framework/src/Concerns/RoutesRequests.php(291): Illuminate\Container\Container->call(Object(Closure), Array)
#10 /home/li0n0k/dev/hexlet/page-analyzer/vendor/laravel/lumen-framework/src/Concerns/RoutesRequests.php(265): Laravel\Lumen\Application->callActionOnArrayBasedRoute(Array)
#11 /home/li0n0k/dev/hexlet/page-analyzer/vendor/laravel/lumen-framework/src/Concerns/RoutesRequests.php(165): Laravel\Lumen\Application->handleFoundRoute(Array)
#12 /home/li0n0k/dev/hexlet/page-analyzer/vendor/laravel/lumen-framework/src/Concerns/RoutesRequests.php(418): Laravel\Lumen\Application->Laravel\Lumen\Concerns\{closure}(Object(Laravel\Lumen\Http\Request))
#13 /home/li0n0k/dev/hexlet/page-analyzer/vendor/laravel/lumen-framework/src/Concerns/RoutesRequests.php(171): Laravel\Lumen\Application->sendThroughPipeline(Array, Object(Closure))
#14 /home/li0n0k/dev/hexlet/page-analyzer/vendor/laravel/lumen-framework/src/Concerns/RoutesRequests.php(108): Laravel\Lumen\Application->dispatch(NULL)
#15 /home/li0n0k/dev/hexlet/page-analyzer/public/index.php(28): Laravel\Lumen\Application->run()
#16 {main} {"exception":"[object] (InvalidArgumentException(code: 0): View [index] not found. at /home/li0n0k/dev/hexlet/page-analyzer/vendor/illuminate/view/FileViewFinder.php:137)
[stacktrace]
#0 /home/li0n0k/dev/hexlet/page-analyzer/vendor/illuminate/view/FileViewFinder.php(79): Illuminate\\View\\FileViewFinder->findInPaths('index', Array)
#1 /home/li0n0k/dev/hexlet/page-analyzer/vendor/illuminate/view/Factory.php(130): Illuminate\\View\\FileViewFinder->find('index')
#2 /home/li0n0k/dev/hexlet/page-analyzer/vendor/laravel/lumen-framework/src/helpers.php(431): Illuminate\\View\\Factory->make('index', Array, Array)
#3 /home/li0n0k/dev/hexlet/page-analyzer/routes/web.php(18): view('index')
#4 [internal function]: Closure->{closure}()
#5 /home/li0n0k/dev/hexlet/page-analyzer/vendor/illuminate/container/BoundMethod.php(29): call_user_func_array(Object(Closure), Array)
#6 /home/li0n0k/dev/hexlet/page-analyzer/vendor/illuminate/container/BoundMethod.php(75): Illuminate\\Container\\BoundMethod::Illuminate\\Container\\{closure}()
#7 /home/li0n0k/dev/hexlet/page-analyzer/vendor/illuminate/container/BoundMethod.php(31): Illuminate\\Container\\BoundMethod::callBoundMethod(Object(Laravel\\Lumen\\Application), Object(Closure), Object(Closure))
#8 /home/li0n0k/dev/hexlet/page-analyzer/vendor/illuminate/container/Container.php(572): Illuminate\\Container\\BoundMethod::call(Object(Laravel\\Lumen\\Application), Object(Closure), Array, NULL)
#9 /home/li0n0k/dev/hexlet/page-analyzer/vendor/laravel/lumen-framework/src/Concerns/RoutesRequests.php(291): Illuminate\\Container\\Container->call(Object(Closure), Array)
#10 /home/li0n0k/dev/hexlet/page-analyzer/vendor/laravel/lumen-framework/src/Concerns/RoutesRequests.php(265): Laravel\\Lumen\\Application->callActionOnArrayBasedRoute(Array)
#11 /home/li0n0k/dev/hexlet/page-analyzer/vendor/laravel/lumen-framework/src/Concerns/RoutesRequests.php(165): Laravel\\Lumen\\Application->handleFoundRoute(Array)
#12 /home/li0n0k/dev/hexlet/page-analyzer/vendor/laravel/lumen-framework/src/Concerns/RoutesRequests.php(418): Laravel\\Lumen\\Application->Laravel\\Lumen\\Concerns\\{closure}(Object(Laravel\\Lumen\\Http\\Request))
#13 /home/li0n0k/dev/hexlet/page-analyzer/vendor/laravel/lumen-framework/src/Concerns/RoutesRequests.php(171): Laravel\\Lumen\\Application->sendThroughPipeline(Array, Object(Closure))
#14 /home/li0n0k/dev/hexlet/page-analyzer/vendor/laravel/lumen-framework/src/Concerns/RoutesRequests.php(108): Laravel\\Lumen\\Application->dispatch(NULL)
#15 /home/li0n0k/dev/hexlet/page-analyzer/public/index.php(28): Laravel\\Lumen\\Application->run()
#16 {main}
"} 
[2019-01-22 10:58:24] local.ERROR: InvalidArgumentException: View [index] not found. in /home/li0n0k/dev/hexlet/page-analyzer/vendor/illuminate/view/FileViewFinder.php:137
Stack trace:
#0 /home/li0n0k/dev/hexlet/page-analyzer/vendor/illuminate/view/FileViewFinder.php(79): Illuminate\View\FileViewFinder->findInPaths('index', Array)
#1 /home/li0n0k/dev/hexlet/page-analyzer/vendor/illuminate/view/Factory.php(130): Illuminate\View\FileViewFinder->find('index')
#2 /home/li0n0k/dev/hexlet/page-analyzer/vendor/laravel/lumen-framework/src/helpers.php(431): Illuminate\View\Factory->make('index', Array, Array)
#3 /home/li0n0k/dev/hexlet/page-analyzer/routes/web.php(16): view('index')
#4 [internal function]: Closure->{closure}()
#5 /home/li0n0k/dev/hexlet/page-analyzer/vendor/illuminate/container/BoundMethod.php(29): call_user_func_array(Object(Closure), Array)
#6 /home/li0n0k/dev/hexlet/page-analyzer/vendor/illuminate/container/BoundMethod.php(75): Illuminate\Container\BoundMethod::Illuminate\Container\{closure}()
#7 /home/li0n0k/dev/hexlet/page-analyzer/vendor/illuminate/container/BoundMethod.php(31): Illuminate\Container\BoundMethod::callBoundMethod(Object(Laravel\Lumen\Application), Object(Closure), Object(Closure))
#8 /home/li0n0k/dev/hexlet/page-analyzer/vendor/illuminate/container/Container.php(572): Illuminate\Container\BoundMethod::call(Object(Laravel\Lumen\Application), Object(Closure), Array, NULL)
#9 /home/li0n0k/dev/hexlet/page-analyzer/vendor/laravel/lumen-framework/src/Concerns/RoutesRequests.php(291): Illuminate\Container\Container->call(Object(Closure), Array)
#10 /home/li0n0k/dev/hexlet/page-analyzer/vendor/laravel/lumen-framework/src/Concerns/RoutesRequests.php(265): Laravel\Lumen\Application->callActionOnArrayBasedRoute(Array)
#11 /home/li0n0k/dev/hexlet/page-analyzer/vendor/laravel/lumen-framework/src/Concerns/RoutesRequests.php(165): Laravel\Lumen\Application->handleFoundRoute(Array)
#12 /home/li0n0k/dev/hexlet/page-analyzer/vendor/laravel/lumen-framework/src/Concerns/RoutesRequests.php(418): Laravel\Lumen\Application->Laravel\Lumen\Concerns\{closure}(Object(Laravel\Lumen\Http\Request))
#13 /home/li0n0k/dev/hexlet/page-analyzer/vendor/laravel/lumen-framework/src/Concerns/RoutesRequests.php(171): Laravel\Lumen\Application->sendThroughPipeline(Array, Object(Closure))
#14 /home/li0n0k/dev/hexlet/page-analyzer/vendor/laravel/lumen-framework/src/Concerns/RoutesRequests.php(108): Laravel\Lumen\Application->dispatch(NULL)
#15 /home/li0n0k/dev/hexlet/page-analyzer/public/index.php(28): Laravel\Lumen\Application->run()
#16 {main} {"exception":"[object] (InvalidArgumentException(code: 0): View [index] not found. at /home/li0n0k/dev/hexlet/page-analyzer/vendor/illuminate/view/FileViewFinder.php:137)
[stacktrace]
#0 /home/li0n0k/dev/hexlet/page-analyzer/vendor/illuminate/view/FileViewFinder.php(79): Illuminate\\View\\FileViewFinder->findInPaths('index', Array)
#1 /home/li0n0k/dev/hexlet/page-analyzer/vendor/illuminate/view/Factory.php(130): Illuminate\\View\\FileViewFinder->find('index')
#2 /home/li0n0k/dev/hexlet/page-analyzer/vendor/laravel/lumen-framework/src/helpers.php(431): Illuminate\\View\\Factory->make('index', Array, Array)
#3 /home/li0n0k/dev/hexlet/page-analyzer/routes/web.php(16): view('index')
#4 [internal function]: Closure->{closure}()
#5 /home/li0n0k/dev/hexlet/page-analyzer/vendor/illuminate/container/BoundMethod.php(29): call_user_func_array(Object(Closure), Array)
#6 /home/li0n0k/dev/hexlet/page-analyzer/vendor/illuminate/container/BoundMethod.php(75): Illuminate\\Container\\BoundMethod::Illuminate\\Container\\{closure}()
#7 /home/li0n0k/dev/hexlet/page-analyzer/vendor/illuminate/container/BoundMethod.php(31): Illuminate\\Container\\BoundMethod::callBoundMethod(Object(Laravel\\Lumen\\Application), Object(Closure), Object(Closure))
#8 /home/li0n0k/dev/hexlet/page-analyzer/vendor/illuminate/container/Container.php(572): Illuminate\\Container\\BoundMethod::call(Object(Laravel\\Lumen\\Application), Object(Closure), Array, NULL)
#9 /home/li0n0k/dev/hexlet/page-analyzer/vendor/laravel/lumen-framework/src/Concerns/RoutesRequests.php(291): Illuminate\\Container\\Container->call(Object(Closure), Array)
#10 /home/li0n0k/dev/hexlet/page-analyzer/vendor/laravel/lumen-framework/src/Concerns/RoutesRequests.php(265): Laravel\\Lumen\\Application->callActionOnArrayBasedRoute(Array)
#11 /home/li0n0k/dev/hexlet/page-analyzer/vendor/laravel/lumen-framework/src/Concerns/RoutesRequests.php(165): Laravel\\Lumen\\Application->handleFoundRoute(Array)
#12 /home/li0n0k/dev/hexlet/page-analyzer/vendor/laravel/lumen-framework/src/Concerns/RoutesRequests.php(418): Laravel\\Lumen\\Application->Laravel\\Lumen\\Concerns\\{closure}(Object(Laravel\\Lumen\\Http\\Request))
#13 /home/li0n0k/dev/hexlet/page-analyzer/vendor/laravel/lumen-framework/src/Concerns/RoutesRequests.php(171): Laravel\\Lumen\\Application->sendThroughPipeline(Array, Object(Closure))
#14 /home/li0n0k/dev/hexlet/page-analyzer/vendor/laravel/lumen-framework/src/Concerns/RoutesRequests.php(108): Laravel\\Lumen\\Application->dispatch(NULL)
#15 /home/li0n0k/dev/hexlet/page-analyzer/public/index.php(28): Laravel\\Lumen\\Application->run()
#16 {main}
"} 
